<?xml version="1.0" encoding="UTF-8"?>
<!-- Generated by org.testng.reporters.JUnitReportReporter -->
<testsuite hostname="Admin-PC" failures="0" tests="1" name="sampleTest.DemoTest1" time="0.011" errors="0" timestamp="2022-10-14T13:23:33 IST" skipped="0">
  <testcase classname="sampleTest.DemoTest1" name="demoTest1" time="0.011"/>
  <system-out/>
</testsuite> <!-- sampleTest.DemoTest1 -->
