<?xml version="1.0" encoding="UTF-8"?>
<!-- Generated by org.testng.reporters.JUnitReportReporter -->
<testsuite hostname="Admin-PC" failures="0" tests="1" name="ddt.ContactTeat" time="0.011" errors="0" timestamp="2022-10-11T22:44:53 IST" skipped="0">
  <testcase classname="ddt.ContactTeat" name="createContactTest" time="0.011"/>
  <system-out/>
</testsuite> <!-- ddt.ContactTeat -->
