<?xml version="1.0" encoding="UTF-8"?>
<!-- Generated by org.testng.reporters.JUnitReportReporter -->
<testsuite hostname="Admin-PC" failures="0" tests="1" name="sampleTest.Demo" time="0.021" errors="0" timestamp="2022-09-27T12:24:54 IST" skipped="0">
  <testcase classname="sampleTest.Demo" name="demo" time="0.021"/>
  <system-out/>
</testsuite> <!-- sampleTest.Demo -->
