<?xml version="1.0" encoding="UTF-8"?>
<!-- Generated by org.testng.reporters.JUnitReportReporter -->
<testsuite hostname="Admin-PC" failures="0" tests="1" name="sampleTest.DemoTest" time="0.014" errors="0" timestamp="2022-09-27T16:47:38 IST" skipped="0">
  <testcase classname="sampleTest.DemoTest" name="demotest" time="0.014"/>
  <system-out/>
</testsuite> <!-- sampleTest.DemoTest -->
