<?xml version="1.0" encoding="UTF-8"?>
<!-- Generated by org.testng.reporters.JUnitReportReporter -->
<testsuite hostname="Admin-PC" failures="0" tests="1" name="sampleTest.Launch_Browser_Test" time="9.950" errors="0" timestamp="2022-10-20T20:12:03 IST" skipped="0">
  <testcase classname="sampleTest.Launch_Browser_Test" name="lanchingTest" time="9.950"/>
  <system-out/>
</testsuite> <!-- sampleTest.Launch_Browser_Test -->
